[2025-11-28 18:18:48] === 自动 Git 提交推送脚本启动 ===
[2025-11-28 18:18:48] 仓库目录：/mnt/workspace/downloaded_pngs
[2025-11-28 18:18:48] 提交信息：1
[2025-11-28 18:18:48] 推送目标：origin/main
[2025-11-28 18:18:48] 间隔时间：600秒（10分钟）
[2025-11-28 18:18:48] ================================
[2025-11-28 18:18:48] 开始执行本轮提交推送...
[2025-11-28 18:18:48] 执行 git add .
[2025-11-28 18:18:48] git add 成功
[2025-11-28 18:18:48] 检查是否有变更需要提交
[2025-11-28 18:18:48] 执行 git commit -m "1"
[2025-11-28 18:18:48] git commit 成功
[2025-11-28 18:18:48] 执行 git push --set-upstream origin main
[2025-11-28 18:19:08] git push 成功！本轮操作完成
[2025-11-28 18:19:08] =====================================
[2025-11-28 18:19:08] 等待 600 秒后执行下一轮（10分钟）
[2025-11-28 18:19:08] =====================================

[2025-11-28 18:25:47] === 自动 Git 提交推送脚本启动 ===
[2025-11-28 18:25:47] 仓库目录：/mnt/workspace/downloaded_pngs
[2025-11-28 18:25:47] 提交信息：1
[2025-11-28 18:25:47] 推送目标：origin/main
[2025-11-28 18:25:47] 间隔时间：300秒（10分钟）
[2025-11-28 18:25:47] ================================
[2025-11-28 18:25:47] 开始执行本轮提交推送...
[2025-11-28 18:25:47] 执行 git add .
[2025-11-28 18:25:49] git add 成功
[2025-11-28 18:25:49] 检查是否有变更需要提交
[2025-11-28 18:25:49] 执行 git commit -m "1"
[2025-11-28 18:25:49] git commit 成功
[2025-11-28 18:25:49] 执行 git push --set-upstream origin main
[2025-11-28 18:26:16] git push 成功！本轮操作完成
[2025-11-28 18:26:16] =====================================
[2025-11-28 18:26:16] 等待 300 秒后执行下一轮（10分钟）
[2025-11-28 18:26:16] =====================================

[2025-11-28 18:31:16] 开始执行本轮提交推送...
[2025-11-28 18:31:16] 执行 git add .
[2025-11-28 18:31:17] git add 成功
[2025-11-28 18:31:17] 检查是否有变更需要提交
[2025-11-28 18:31:17] 执行 git commit -m "1"
[2025-11-28 18:31:17] git commit 成功
[2025-11-28 18:31:17] 执行 git push --set-upstream origin main
[2025-11-28 18:31:37] git push 成功！本轮操作完成
[2025-11-28 18:31:37] =====================================
[2025-11-28 18:31:37] 等待 300 秒后执行下一轮（10分钟）
[2025-11-28 18:31:37] =====================================

[2025-11-28 18:36:37] 开始执行本轮提交推送...
[2025-11-28 18:36:37] 执行 git add .
[2025-11-28 18:36:38] git add 成功
[2025-11-28 18:36:38] 检查是否有变更需要提交
[2025-11-28 18:36:38] 执行 git commit -m "1"
[2025-11-28 18:36:38] git commit 成功
[2025-11-28 18:36:38] 执行 git push --set-upstream origin main
[2025-11-28 18:36:57] git push 成功！本轮操作完成
[2025-11-28 18:36:57] =====================================
[2025-11-28 18:36:57] 等待 300 秒后执行下一轮（10分钟）
[2025-11-28 18:36:57] =====================================

[2025-11-28 18:41:57] 开始执行本轮提交推送...
[2025-11-28 18:41:57] 执行 git add .
